Traceback (most recent call last):

  File "/opt/homebrew/Caskroom/miniconda/base/envs/evaluating-epilink/lib/python3.14/site-packages/snakemake/cli.py", line 2139, in args_to_api
    dag_api = workflow_api.dag(
        dag_settings=DAGSettings(
    ...<17 lines>...
        ),
    )

  File "/opt/homebrew/Caskroom/miniconda/base/envs/evaluating-epilink/lib/python3.14/site-packages/snakemake/api.py", line 356, in dag
    return DAGApi(
        self.snakemake_api,
        self,
        dag_settings=dag_settings,
    )

  File "<string>", line 6, in __init__

  File "/opt/homebrew/Caskroom/miniconda/base/envs/evaluating-epilink/lib/python3.14/site-packages/snakemake/api.py", line 462, in __post_init__
    self.workflow_api._workflow.dag_settings = self.dag_settings
    ^^^^^^^^^^^^^^^^^^^^^^^^^^^

  File "/opt/homebrew/Caskroom/miniconda/base/envs/evaluating-epilink/lib/python3.14/site-packages/snakemake/api.py", line 406, in _workflow
    workflow = self._get_workflow()

  File "/opt/homebrew/Caskroom/miniconda/base/envs/evaluating-epilink/lib/python3.14/site-packages/snakemake/api.py", line 421, in _get_workflow
    return Workflow(
        config_settings=self.config_settings,
    ...<8 lines>...
        **kwargs,
    )

  File "<string>", line 21, in __init__

  File "/opt/homebrew/Caskroom/miniconda/base/envs/evaluating-epilink/lib/python3.14/site-packages/snakemake/workflow.py", line 219, in __post_init__
    self._sourcecache = SourceCache(
                        ~~~~~~~~~~~^
        self.source_cache_path,
        ^^^^^^^^^^^^^^^^^^^^^^^
        runtime_cache_path=self.workflow_settings.runtime_source_cache_path,
        ^^^^^^^^^^^^^^^^^^^^^^^^^^^^^^^^^^^^^^^^^^^^^^^^^^^^^^^^^^^^^^^^^^^^
    )
    ^

  File "/opt/homebrew/Caskroom/miniconda/base/envs/evaluating-epilink/lib/python3.14/site-packages/snakemake/sourcecache.py", line 704, in __init__
    self.runtime_cache = tempfile.TemporaryDirectory(
                         ~~~~~~~~~~~~~~~~~~~~~~~~~~~^
        dir=runtime_cache_parent, ignore_cleanup_errors=True
        ^^^^^^^^^^^^^^^^^^^^^^^^^^^^^^^^^^^^^^^^^^^^^^^^^^^^
    )
    ^

  File "/opt/homebrew/Caskroom/miniconda/base/envs/evaluating-epilink/lib/python3.14/tempfile.py", line 907, in __init__
    self.name = mkdtemp(suffix, prefix, dir)
                ~~~~~~~^^^^^^^^^^^^^^^^^^^^^

  File "/opt/homebrew/Caskroom/miniconda/base/envs/evaluating-epilink/lib/python3.14/tempfile.py", line 385, in mkdtemp
    _os.mkdir(file, 0o700)
    ~~~~~~~~~^^^^^^^^^^^^^

PermissionError: [Errno 1] Operation not permitted: '/Users/ydnkka/Library/Caches/snakemake/snakemake/source-cache/snakemake-runtime-cache/tmpjt0dto2r'

