Assuming unrestricted shared filesystem usage.
host: MacBookPro
Building DAG of jobs...
Using shell: /opt/homebrew/bin/bash
Provided cores: 1 (use --cores to define parallelism)
Rules claiming more threads will be scaled down.
Job stats:
job                      count
---------------------  -------
pairwise_benchmark           1
temporal_stability           1
sparsify_analysis            1
synthetic_clustering         1
clustering_evaluation        1
figures                      1
report                       1
all                          1
total                        8

Select jobs to execute...
Execute 1 jobs...
[Sun Mar 15 08:35:28 2026]
localrule pairwise_benchmark:
    input: data/processed/synthetic/scenario=baseline/pairwise.parquet, data/processed/synthetic/scenario=surveillance_moderate/pairwise.parquet, data/processed/synthetic/scenario=surveillance_severe/pairwise.parquet, data/processed/synthetic/scenario=low_clock_signal/pairwise.parquet, data/processed/synthetic/scenario=high_clock_signal/pairwise.parquet, data/processed/synthetic/scenario=relaxed_clock/pairwise.parquet, data/processed/synthetic/scenario=low_incubation_shape/pairwise.parquet, data/processed/synthetic/scenario=high_incubation_shape/pairwise.parquet, data/processed/synthetic/scenario=low_incubation_scale/pairwise.parquet, data/processed/synthetic/scenario=high_incubation_scale/pairwise.parquet, data/processed/synthetic/scenario=adversarial/pairwise.parquet, results/manifests/synthetic_data.json
    output: data/processed/synthetic/scenario=baseline/pairwise_scored.parquet, data/processed/synthetic/scenario=surveillance_moderate/pairwise_scored.parquet, data/processed/synthetic/scenario=surveillance_severe/pairwise_scored.parquet, data/processed/synthetic/scenario=low_clock_signal/pairwise_scored.parquet, data/processed/synthetic/scenario=high_clock_signal/pairwise_scored.parquet, data/processed/synthetic/scenario=relaxed_clock/pairwise_scored.parquet, data/processed/synthetic/scenario=low_incubation_shape/pairwise_scored.parquet, data/processed/synthetic/scenario=high_incubation_shape/pairwise_scored.parquet, data/processed/synthetic/scenario=low_incubation_scale/pairwise_scored.parquet, data/processed/synthetic/scenario=high_incubation_scale/pairwise_scored.parquet, data/processed/synthetic/scenario=adversarial/pairwise_scored.parquet, results/discrimination/discrimination_metrics.parquet, results/manifests/pairwise_benchmark.json
    jobid: 5
    reason: Missing output files: data/processed/synthetic/scenario=high_clock_signal/pairwise_scored.parquet, data/processed/synthetic/scenario=relaxed_clock/pairwise_scored.parquet, data/processed/synthetic/scenario=low_incubation_scale/pairwise_scored.parquet, data/processed/synthetic/scenario=baseline/pairwise_scored.parquet, data/processed/synthetic/scenario=low_incubation_shape/pairwise_scored.parquet, data/processed/synthetic/scenario=high_incubation_shape/pairwise_scored.parquet, results/manifests/pairwise_benchmark.json, data/processed/synthetic/scenario=adversarial/pairwise_scored.parquet, data/processed/synthetic/scenario=surveillance_severe/pairwise_scored.parquet, results/discrimination/discrimination_metrics.parquet, data/processed/synthetic/scenario=high_incubation_scale/pairwise_scored.parquet, data/processed/synthetic/scenario=surveillance_moderate/pairwise_scored.parquet, data/processed/synthetic/scenario=low_clock_signal/pairwise_scored.parquet
    priority: 70
    resources: tmpdir=/var/folders/gd/2t3k6cc92s7fnffx31m2ml600000gn/T
Select jobs to execute...
RuleException:
CalledProcessError in file "/Users/ydnkka/Desktop/Phd Project/projects/evaluating-epilink/workflow/Snakefile", line 125:
Command 'set -euo pipefail;  python scripts/pairwise_discrimination.py' returned non-zero exit status 1.
[Sun Mar 15 08:35:30 2026]
Error in rule pairwise_benchmark:
    message: None
    jobid: 5
    input: data/processed/synthetic/scenario=baseline/pairwise.parquet, data/processed/synthetic/scenario=surveillance_moderate/pairwise.parquet, data/processed/synthetic/scenario=surveillance_severe/pairwise.parquet, data/processed/synthetic/scenario=low_clock_signal/pairwise.parquet, data/processed/synthetic/scenario=high_clock_signal/pairwise.parquet, data/processed/synthetic/scenario=relaxed_clock/pairwise.parquet, data/processed/synthetic/scenario=low_incubation_shape/pairwise.parquet, data/processed/synthetic/scenario=high_incubation_shape/pairwise.parquet, data/processed/synthetic/scenario=low_incubation_scale/pairwise.parquet, data/processed/synthetic/scenario=high_incubation_scale/pairwise.parquet, data/processed/synthetic/scenario=adversarial/pairwise.parquet, results/manifests/synthetic_data.json
    output: data/processed/synthetic/scenario=baseline/pairwise_scored.parquet, data/processed/synthetic/scenario=surveillance_moderate/pairwise_scored.parquet, data/processed/synthetic/scenario=surveillance_severe/pairwise_scored.parquet, data/processed/synthetic/scenario=low_clock_signal/pairwise_scored.parquet, data/processed/synthetic/scenario=high_clock_signal/pairwise_scored.parquet, data/processed/synthetic/scenario=relaxed_clock/pairwise_scored.parquet, data/processed/synthetic/scenario=low_incubation_shape/pairwise_scored.parquet, data/processed/synthetic/scenario=high_incubation_shape/pairwise_scored.parquet, data/processed/synthetic/scenario=low_incubation_scale/pairwise_scored.parquet, data/processed/synthetic/scenario=high_incubation_scale/pairwise_scored.parquet, data/processed/synthetic/scenario=adversarial/pairwise_scored.parquet, results/discrimination/discrimination_metrics.parquet, results/manifests/pairwise_benchmark.json
    shell:
        python scripts/pairwise_discrimination.py
        (command exited with non-zero exit code)
Removing output files of failed job pairwise_benchmark since they might be corrupted:
data/processed/synthetic/scenario=baseline/pairwise_scored.parquet, data/processed/synthetic/scenario=surveillance_moderate/pairwise_scored.parquet
Shutting down, this might take some time.
Exiting because a job execution failed. Look below for error messages
[Sun Mar 15 08:35:30 2026]
Error in rule pairwise_benchmark:
    message: None
    jobid: 5
    input: data/processed/synthetic/scenario=baseline/pairwise.parquet, data/processed/synthetic/scenario=surveillance_moderate/pairwise.parquet, data/processed/synthetic/scenario=surveillance_severe/pairwise.parquet, data/processed/synthetic/scenario=low_clock_signal/pairwise.parquet, data/processed/synthetic/scenario=high_clock_signal/pairwise.parquet, data/processed/synthetic/scenario=relaxed_clock/pairwise.parquet, data/processed/synthetic/scenario=low_incubation_shape/pairwise.parquet, data/processed/synthetic/scenario=high_incubation_shape/pairwise.parquet, data/processed/synthetic/scenario=low_incubation_scale/pairwise.parquet, data/processed/synthetic/scenario=high_incubation_scale/pairwise.parquet, data/processed/synthetic/scenario=adversarial/pairwise.parquet, results/manifests/synthetic_data.json
    output: data/processed/synthetic/scenario=baseline/pairwise_scored.parquet, data/processed/synthetic/scenario=surveillance_moderate/pairwise_scored.parquet, data/processed/synthetic/scenario=surveillance_severe/pairwise_scored.parquet, data/processed/synthetic/scenario=low_clock_signal/pairwise_scored.parquet, data/processed/synthetic/scenario=high_clock_signal/pairwise_scored.parquet, data/processed/synthetic/scenario=relaxed_clock/pairwise_scored.parquet, data/processed/synthetic/scenario=low_incubation_shape/pairwise_scored.parquet, data/processed/synthetic/scenario=high_incubation_shape/pairwise_scored.parquet, data/processed/synthetic/scenario=low_incubation_scale/pairwise_scored.parquet, data/processed/synthetic/scenario=high_incubation_scale/pairwise_scored.parquet, data/processed/synthetic/scenario=adversarial/pairwise_scored.parquet, results/discrimination/discrimination_metrics.parquet, results/manifests/pairwise_benchmark.json
    shell:
        python scripts/pairwise_discrimination.py
        (command exited with non-zero exit code)
Complete log(s): /Users/ydnkka/Desktop/Phd Project/projects/evaluating-epilink/.snakemake/log/2026-03-15T083528.115584.snakemake.log
WorkflowError:
At least one job did not complete successfully.
